2025-07-11T21:04:58+02:00
POST: Array
(
    [pet_id] => 4
    [address] => Nayabazar - 10
    [phone] => 9855082445
    [reason] => love pet
    [preferred_date] => 2025-07-14
    [home_type] => House
    [has_other_pets] => No
)
SESSION: 
2025-07-18T13:01:26+02:00
POST: Array
(
    [pet_id] => 3
    [address] => Nayabazar - 10
    [phone] => 9826185639
    [reason] => love pets
    [preferred_date] => 2025-07-19
    [home_type] => Apartment
    [has_other_pets] => Yes
)
SESSION: 
2025-07-18T13:18:44+02:00
POST: Array
(
    [pet_id] => 3
    [address] => Nayabazar - 10
    [phone] => 9826185639
    [reason] => love pets
    [preferred_date] => 2025-07-19
    [home_type] => Apartment
    [has_other_pets] => Yes
)
SESSION: 
2025-07-18T13:19:39+02:00
POST: Array
(
    [pet_id] => 3
    [address] => Nayabazar - 10
    [phone] => 9826185639
    [reason] => Love pets
    [preferred_date] => 2025-07-19
    [home_type] => House
    [has_other_pets] => Yes
)
SESSION: 
2025-07-18T13:35:04+02:00
POST: Array
(
    [pet_id] => 3
    [address] => Nayabazar - 10
    [phone] => 9826185639
    [reason] => i love pets
    [preferred_date] => 2025-07-20
    [home_type] => House
    [has_other_pets] => Yes
)
SESSION: 
2025-07-18T13:37:18+02:00
POST: Array
(
    [pet_id] => 3
    [address] => Nayabazar - 10
    [phone] => 9826185639
    [reason] => Love pets
    [preferred_date] => 2025-07-12
    [home_type] => House
    [has_other_pets] => Yes
)
SESSION: 
2025-07-18T13:51:22+02:00
POST: Array
(
    [pet_id] => 4
    [address] => Nayabazar - 10
    [phone] => 9826185639
    [reason] => Love pet
    [preferred_date] => 2025-07-19
    [home_type] => House
    [has_other_pets] => No
)
SESSION: 
2025-07-18T13:58:39+02:00
POST: Array
(
    [pet_id] => 3
    [address] => Jalpa Road-08, Street no 11
    [phone] => 9855082445
    [reason] => Pet lover
    [preferred_date] => 2025-07-20
    [home_type] => Apartment
    [has_other_pets] => Yes
)
SESSION: 
2025-07-18T14:06:27+02:00
POST: Array
(
    [pet_id] => 2
    [address] => Nayabazar - 10
    [phone] => 9826185639
    [reason] => love dog
    [preferred_date] => 2025-07-19
    [home_type] => House
    [has_other_pets] => Yes
)
SESSION: 
2025-07-18T14:19:49+02:00
POST: Array
(
    [pet_id] => 1
    [address] => Jalpa Road-08, Street no 11
    [phone] => 89893756175
    [reason] => dog
    [preferred_date] => 2025-07-20
    [home_type] => House
    [has_other_pets] => Yes
)
SESSION: 
2025-07-18T14:22:39+02:00
POST: Array
(
    [pet_id] => 4
    [address] => Nayabazar - 10
    [phone] => 9855082445
    [reason] => osife sbdfcwui ahauhew
    [preferred_date] => 2025-07-20
    [home_type] => House
    [has_other_pets] => No
)
SESSION: 
2025-07-18T14:26:53+02:00
POST: Array
(
    [pet_id] => 3
    [address] => Nayabazar - 10
    [phone] => 9826185639
    [reason] => ajkgsyc
    [preferred_date] => 2025-07-19
    [home_type] => House
    [has_other_pets] => No
)
SESSION: 
2025-07-18T14:27:36+02:00
POST: Array
(
    [pet_id] => 3
    [address] => Nayabazar - 10
    [phone] => 9826185639
    [reason] => ajkgsyc
    [preferred_date] => 2025-07-19
    [home_type] => House
    [has_other_pets] => No
)
SESSION: 
2025-07-18T16:00:28+02:00
POST: Array
(
    [pet_id] => 1
    [address] => Nayabazar - 10
    [phone] => 9826185639
    [reason] => pet
    [preferred_date] => 2025-07-20
    [home_type] => House
    [has_other_pets] => No
)
SESSION: 
2025-07-19T10:06:03+02:00
POST: Array
(
    [pet_id] => 5
    [address] => Chhorepatan 17
    [phone] => 9819103718
    [reason] => Wanted to provide a home for this cat
    [preferred_date] => 2025-07-26
    [home_type] => Apartment
    [has_other_pets] => Yes
)
SESSION: 
2025-07-26T18:33:50+02:00
POST: Array
(
    [pet_id] => 8
    [address] => Nayabazar - 10
    [phone] => 9826185639
    [reason] => love pet
    [preferred_date] => 2025-07-31
    [home_type] => House
    [has_other_pets] => Yes
)
SESSION: 
